2025-02-25 09:28:35.115 | INFO     | config.logger:configure_logging:47 - Logger configurado correctamente
2025-02-25 09:28:35.824 | INFO     | __main__:setup_db:22 - Inicializando base de datos...
2025-02-25 09:28:35.825 | INFO     | services.starrocks:execute_query:27 - Executing query: SHOW DATABASES LIKE 'recomendaciones_db'...
2025-02-25 09:28:35.845 | INFO     | services.starrocks:execute_query:49 - Database connection established successfully.
2025-02-25 09:28:35.853 | INFO     | services.starrocks:execute_query:67 - Query executed successfully, 1 rows fetched.
2025-02-25 09:28:35.854 | INFO     | __main__:setup_db:26 - Base de datos ya existe
2025-02-25 09:28:35.855 | INFO     | services.starrocks:execute_query:27 - Executing query: SHOW TABLES LIKE 'predictions_products'...
2025-02-25 09:28:35.859 | INFO     | services.starrocks:execute_query:49 - Database connection established successfully.
2025-02-25 09:28:35.865 | INFO     | services.starrocks:execute_query:67 - Query executed successfully, 1 rows fetched.
2025-02-25 09:28:35.866 | INFO     | __main__:load_all_tables:74 - Tabla predictions_products ya existe
2025-02-25 09:28:35.866 | INFO     | services.starrocks:execute_query:27 - Executing query: SHOW TABLES LIKE 'predictions_categories'...
2025-02-25 09:28:35.873 | INFO     | services.starrocks:execute_query:49 - Database connection established successfully.
2025-02-25 09:28:35.875 | INFO     | services.starrocks:execute_query:67 - Query executed successfully, 1 rows fetched.
2025-02-25 09:28:35.876 | INFO     | __main__:load_all_tables:74 - Tabla predictions_categories ya existe
2025-02-25 09:28:35.876 | INFO     | services.starrocks:execute_query:27 - Executing query: SHOW TABLES LIKE 'predictions_associations'...
2025-02-25 09:28:35.881 | INFO     | services.starrocks:execute_query:49 - Database connection established successfully.
2025-02-25 09:28:35.883 | INFO     | services.starrocks:execute_query:67 - Query executed successfully, 1 rows fetched.
2025-02-25 09:28:35.884 | INFO     | __main__:load_all_tables:74 - Tabla predictions_associations ya existe
2025-02-25 09:28:35.884 | INFO     | services.starrocks:execute_query:27 - Executing query: SHOW TABLES LIKE 'products_categories'...
2025-02-25 09:28:35.891 | INFO     | services.starrocks:execute_query:49 - Database connection established successfully.
2025-02-25 09:28:35.893 | INFO     | services.starrocks:execute_query:67 - Query executed successfully, 1 rows fetched.
2025-02-25 09:28:35.894 | INFO     | __main__:load_all_tables:74 - Tabla products_categories ya existe
2025-02-25 09:28:35.894 | INFO     | __main__:setup_db:43 - Base de datos inicializada correctamente
2025-02-25 09:28:37.114 | INFO     | config.logger:configure_logging:47 - Logger configurado correctamente
2025-02-25 09:28:37.153 | INFO     | api.run:<module>:16 - ################ API Iniciada ################
2025-02-25 09:34:10.927 | INFO     | config.logger:configure_logging:47 - Logger configurado correctamente
2025-02-25 09:34:11.313 | INFO     | __main__:setup_db:22 - Inicializando base de datos...
2025-02-25 09:34:11.314 | INFO     | services.starrocks:execute_query:27 - Executing query: SHOW DATABASES LIKE 'recomendaciones_db'...
2025-02-25 09:34:11.319 | INFO     | services.starrocks:execute_query:49 - Database connection established successfully.
2025-02-25 09:34:11.320 | INFO     | services.starrocks:execute_query:67 - Query executed successfully, 1 rows fetched.
2025-02-25 09:34:11.321 | INFO     | __main__:setup_db:26 - Base de datos ya existe
2025-02-25 09:34:11.321 | INFO     | services.starrocks:execute_query:27 - Executing query: SHOW TABLES LIKE 'predictions_products'...
2025-02-25 09:34:11.325 | INFO     | services.starrocks:execute_query:49 - Database connection established successfully.
2025-02-25 09:34:11.326 | INFO     | services.starrocks:execute_query:67 - Query executed successfully, 1 rows fetched.
2025-02-25 09:34:11.327 | INFO     | __main__:load_all_tables:74 - Tabla predictions_products ya existe
2025-02-25 09:34:11.328 | INFO     | services.starrocks:execute_query:27 - Executing query: SHOW TABLES LIKE 'predictions_categories'...
2025-02-25 09:34:11.332 | INFO     | services.starrocks:execute_query:49 - Database connection established successfully.
2025-02-25 09:34:11.334 | INFO     | services.starrocks:execute_query:67 - Query executed successfully, 1 rows fetched.
2025-02-25 09:34:11.335 | INFO     | __main__:load_all_tables:74 - Tabla predictions_categories ya existe
2025-02-25 09:34:11.335 | INFO     | services.starrocks:execute_query:27 - Executing query: SHOW TABLES LIKE 'predictions_associations'...
2025-02-25 09:34:11.338 | INFO     | services.starrocks:execute_query:49 - Database connection established successfully.
2025-02-25 09:34:11.339 | INFO     | services.starrocks:execute_query:67 - Query executed successfully, 1 rows fetched.
2025-02-25 09:34:11.339 | INFO     | __main__:load_all_tables:74 - Tabla predictions_associations ya existe
2025-02-25 09:34:11.339 | INFO     | services.starrocks:execute_query:27 - Executing query: SHOW TABLES LIKE 'products_categories'...
2025-02-25 09:34:11.342 | INFO     | services.starrocks:execute_query:49 - Database connection established successfully.
2025-02-25 09:34:11.343 | INFO     | services.starrocks:execute_query:67 - Query executed successfully, 1 rows fetched.
2025-02-25 09:34:11.343 | INFO     | __main__:load_all_tables:74 - Tabla products_categories ya existe
2025-02-25 09:34:11.343 | INFO     | __main__:setup_db:43 - Base de datos inicializada correctamente
2025-02-25 09:34:12.451 | INFO     | config.logger:configure_logging:47 - Logger configurado correctamente
2025-02-25 09:34:12.480 | INFO     | api.run:<module>:16 - ################ API Iniciada ################
2025-02-25 09:35:13.939 | DEBUG    | api.routes.recomendaciones:get_categories_recommendations:101 - Request parameters: {'idcustomer': '315', 'start_date': '2025-03-01', 'end_date': '2025-03-31'}
2025-02-25 09:35:13.939 | INFO     | api.routes.recomendaciones:get_categories_recommendations:103 - Request to get category recommendations. Validating params...
2025-02-25 09:35:13.945 | INFO     | api.routes.recomendaciones:get_categories_recommendations:116 - Params validated successfully.
2025-02-25 09:35:13.946 | INFO     | api.routes.recomendaciones:get_categories_recommendations:118 - Fetching category recommendations...
2025-02-25 09:35:13.947 | INFO     | queries.query_loader:query_starrocks:33 - Ejecutando query recomendaciones_categorias...
2025-02-25 09:35:13.947 | INFO     | services.starrocks:execute_query:27 - Executing query: -- Fijar los parámetros de cliente, y rango de fechas a recomendar
SET @date_start = '2025-03-01';
S...
2025-02-25 09:35:13.954 | INFO     | services.starrocks:execute_query:49 - Database connection established successfully.
2025-02-25 09:35:14.471 | INFO     | services.starrocks:execute_query:67 - Query executed successfully, 13 rows fetched.
2025-02-25 09:35:14.471 | INFO     | api.routes.recomendaciones:get_categories_recommendations:125 - Category recommendations fetched successfully.
2025-02-25 09:35:42.113 | DEBUG    | api.routes.recomendaciones:get_product_wizard_recommendations:140 - Request parameters: {'idcustomer': '31', 'start_date': '2025-03-01', 'end_date': '2025-03-31', 'product_param': 'cafe'}
2025-02-25 09:35:42.114 | INFO     | api.routes.recomendaciones:get_product_wizard_recommendations:143 - Request to get product for wizard recommendations. Validating params...
2025-02-25 09:35:42.114 | INFO     | api.routes.recomendaciones:get_product_wizard_recommendations:154 - Params validated successfully.
2025-02-25 09:35:42.114 | INFO     | api.routes.recomendaciones:get_product_wizard_recommendations:156 - Fetching product for wizard recommendations...
2025-02-25 09:35:42.115 | INFO     | queries.query_loader:query_starrocks:33 - Ejecutando query recomendaciones_productos_filtro_nombre...
2025-02-25 09:35:42.115 | INFO     | services.starrocks:execute_query:27 - Executing query: -- Fijar los parámetros de cliente, y rango de fechas a recomendar
SET @date_start = '2025-03-01';
S...
2025-02-25 09:35:42.121 | INFO     | services.starrocks:execute_query:49 - Database connection established successfully.
2025-02-25 09:35:42.434 | INFO     | services.starrocks:execute_query:67 - Query executed successfully, 140 rows fetched.
2025-02-25 09:35:42.435 | INFO     | api.routes.recomendaciones:get_product_wizard_recommendations:180 - Product recommendations for wizard fetched successfully.
2025-02-25 09:36:19.506 | DEBUG    | api.routes.recomendaciones:get_product_wizard_recommendations:140 - Request parameters: {'idcustomer': '31', 'start_date': '2025-03-01', 'end_date': '2025-03-31', 'product_param': '052'}
2025-02-25 09:36:19.506 | INFO     | api.routes.recomendaciones:get_product_wizard_recommendations:143 - Request to get product for wizard recommendations. Validating params...
2025-02-25 09:36:19.506 | INFO     | api.routes.recomendaciones:get_product_wizard_recommendations:154 - Params validated successfully.
2025-02-25 09:36:19.507 | INFO     | api.routes.recomendaciones:get_product_wizard_recommendations:156 - Fetching product for wizard recommendations...
2025-02-25 09:36:19.507 | INFO     | queries.query_loader:query_starrocks:33 - Ejecutando query recomendaciones_productos_filtro_nombre...
2025-02-25 09:36:19.507 | INFO     | services.starrocks:execute_query:27 - Executing query: -- Fijar los parámetros de cliente, y rango de fechas a recomendar
SET @date_start = '2025-03-01';
S...
2025-02-25 09:36:19.511 | INFO     | services.starrocks:execute_query:49 - Database connection established successfully.
2025-02-25 09:36:19.692 | INFO     | services.starrocks:execute_query:67 - Query executed successfully, 2396 rows fetched.
2025-02-25 09:36:19.692 | INFO     | api.routes.recomendaciones:get_product_wizard_recommendations:180 - Product recommendations for wizard fetched successfully.
2025-02-25 09:52:33.161 | DEBUG    | api.routes.recomendaciones:get_product_wizard_recommendations:140 - Request parameters: {'idcustomer': '31', 'start_date': '2025-03-01', 'end_date': '2025-03-31', 'product_param': '052'}
2025-02-25 09:52:33.162 | INFO     | api.routes.recomendaciones:get_product_wizard_recommendations:143 - Request to get product for wizard recommendations. Validating params...
2025-02-25 09:52:33.162 | INFO     | api.routes.recomendaciones:get_product_wizard_recommendations:154 - Params validated successfully.
2025-02-25 09:52:33.162 | INFO     | api.routes.recomendaciones:get_product_wizard_recommendations:156 - Fetching product for wizard recommendations...
2025-02-25 09:52:33.163 | INFO     | queries.query_loader:query_starrocks:33 - Ejecutando query recomendaciones_productos_filtro_nombre...
2025-02-25 09:52:33.163 | INFO     | services.starrocks:execute_query:27 - Executing query: -- Fijar los parámetros de cliente, y rango de fechas a recomendar
SET @date_start = '2025-03-01';
S...
2025-02-25 09:52:33.171 | INFO     | services.starrocks:execute_query:49 - Database connection established successfully.
2025-02-25 09:52:33.374 | INFO     | services.starrocks:execute_query:67 - Query executed successfully, 2396 rows fetched.
2025-02-25 09:52:33.375 | INFO     | api.routes.recomendaciones:get_product_wizard_recommendations:180 - Product recommendations for wizard fetched successfully.
2025-02-25 10:02:26.455 | INFO     | config.logger:configure_logging:47 - Logger configurado correctamente
2025-02-25 10:02:27.037 | INFO     | __main__:setup_db:22 - Inicializando base de datos...
2025-02-25 10:02:27.038 | INFO     | services.starrocks:execute_query:27 - Executing query: SHOW DATABASES LIKE 'recomendaciones_db'...
2025-02-25 10:02:27.046 | INFO     | services.starrocks:execute_query:49 - Database connection established successfully.
2025-02-25 10:02:27.053 | INFO     | services.starrocks:execute_query:67 - Query executed successfully, 1 rows fetched.
2025-02-25 10:02:27.054 | INFO     | __main__:setup_db:26 - Base de datos ya existe
2025-02-25 10:02:27.054 | INFO     | services.starrocks:execute_query:27 - Executing query: SHOW TABLES LIKE 'predictions_products'...
2025-02-25 10:02:27.058 | INFO     | services.starrocks:execute_query:49 - Database connection established successfully.
2025-02-25 10:02:27.062 | INFO     | services.starrocks:execute_query:67 - Query executed successfully, 1 rows fetched.
2025-02-25 10:02:27.063 | INFO     | __main__:load_all_tables:74 - Tabla predictions_products ya existe
2025-02-25 10:02:27.063 | INFO     | services.starrocks:execute_query:27 - Executing query: SHOW TABLES LIKE 'predictions_categories'...
2025-02-25 10:02:27.066 | INFO     | services.starrocks:execute_query:49 - Database connection established successfully.
2025-02-25 10:02:27.067 | INFO     | services.starrocks:execute_query:67 - Query executed successfully, 1 rows fetched.
2025-02-25 10:02:27.068 | INFO     | __main__:load_all_tables:74 - Tabla predictions_categories ya existe
2025-02-25 10:02:27.068 | INFO     | services.starrocks:execute_query:27 - Executing query: SHOW TABLES LIKE 'predictions_associations'...
2025-02-25 10:02:27.070 | INFO     | services.starrocks:execute_query:49 - Database connection established successfully.
2025-02-25 10:02:27.072 | INFO     | services.starrocks:execute_query:67 - Query executed successfully, 1 rows fetched.
2025-02-25 10:02:27.072 | INFO     | __main__:load_all_tables:74 - Tabla predictions_associations ya existe
2025-02-25 10:02:27.072 | INFO     | services.starrocks:execute_query:27 - Executing query: SHOW TABLES LIKE 'products_categories'...
2025-02-25 10:02:27.075 | INFO     | services.starrocks:execute_query:49 - Database connection established successfully.
2025-02-25 10:02:27.076 | INFO     | services.starrocks:execute_query:67 - Query executed successfully, 1 rows fetched.
2025-02-25 10:02:27.076 | INFO     | __main__:load_all_tables:74 - Tabla products_categories ya existe
2025-02-25 10:02:27.076 | INFO     | __main__:setup_db:43 - Base de datos inicializada correctamente
2025-02-25 10:02:28.222 | INFO     | config.logger:configure_logging:47 - Logger configurado correctamente
2025-02-25 10:02:28.250 | INFO     | api.run:<module>:16 - ################ API Iniciada ################
2025-02-25 10:03:44.661 | DEBUG    | api.routes.recomendaciones:get_product_wizard_recommendations:140 - Request parameters: {'idcustomer': '31', 'start_date': '2025-03-01', 'end_date': '2025-03-31', 'product_param': '052'}
2025-02-25 10:03:44.662 | INFO     | api.routes.recomendaciones:get_product_wizard_recommendations:143 - Request to get product for wizard recommendations. Validating params...
2025-02-25 10:03:44.673 | INFO     | api.routes.recomendaciones:get_product_wizard_recommendations:154 - Params validated successfully.
2025-02-25 10:03:44.674 | INFO     | api.routes.recomendaciones:get_product_wizard_recommendations:156 - Fetching product for wizard recommendations...
2025-02-25 10:03:44.675 | ERROR    | api.routes.recomendaciones:get_product_wizard_recommendations:183 - Error fetching recommendations: 'product_name_param'
2025-02-25 10:03:52.398 | DEBUG    | api.routes.recomendaciones:get_product_wizard_recommendations:140 - Request parameters: {'idcustomer': '31', 'start_date': '2025-03-01', 'end_date': '2025-03-31', 'product_param': '052'}
2025-02-25 10:03:52.399 | INFO     | api.routes.recomendaciones:get_product_wizard_recommendations:143 - Request to get product for wizard recommendations. Validating params...
2025-02-25 10:03:52.400 | INFO     | api.routes.recomendaciones:get_product_wizard_recommendations:154 - Params validated successfully.
2025-02-25 10:03:52.400 | INFO     | api.routes.recomendaciones:get_product_wizard_recommendations:156 - Fetching product for wizard recommendations...
2025-02-25 10:03:52.400 | ERROR    | api.routes.recomendaciones:get_product_wizard_recommendations:183 - Error fetching recommendations: 'product_name_param'
2025-02-25 10:04:13.128 | DEBUG    | api.routes.recomendaciones:get_product_recommendations:25 - Request parameters: {'idcustomer': '137', 'start_date': '2025-03-01', 'end_date': '2025-03-31'}
2025-02-25 10:04:13.129 | INFO     | api.routes.recomendaciones:get_product_recommendations:28 - Request to get product recommendations. Validating params...
2025-02-25 10:04:13.130 | INFO     | api.routes.recomendaciones:get_product_recommendations:39 - Params validated successfully.
2025-02-25 10:04:13.130 | INFO     | api.routes.recomendaciones:get_product_recommendations:41 - Fetching product recommendations...
2025-02-25 10:04:13.131 | INFO     | queries.query_loader:query_starrocks:33 - Ejecutando query recomendaciones_productos_combos...
2025-02-25 10:04:13.131 | INFO     | services.starrocks:execute_query:27 - Executing query: SET @date_start = '2025-03-01';
SET @date_end = '2025-03-31';
SET @client_id = 137;

-- Filtrar por ...
2025-02-25 10:04:13.141 | INFO     | services.starrocks:execute_query:49 - Database connection established successfully.
2025-02-25 10:04:18.954 | INFO     | services.starrocks:execute_query:67 - Query executed successfully, 200 rows fetched.
2025-02-25 10:04:18.956 | INFO     | api.routes.recomendaciones:get_product_recommendations:48 - Product recommendations fetched successfully.
2025-02-25 10:04:32.676 | DEBUG    | api.routes.recomendaciones:get_product_wizard_recommendations:140 - Request parameters: {'idcustomer': '31', 'start_date': '2025-03-01', 'end_date': '2025-03-31'}
2025-02-25 10:04:32.677 | INFO     | api.routes.recomendaciones:get_product_wizard_recommendations:143 - Request to get product for wizard recommendations. Validating params...
2025-02-25 10:04:32.677 | INFO     | api.routes.recomendaciones:get_product_wizard_recommendations:154 - Params validated successfully.
2025-02-25 10:04:32.677 | INFO     | api.routes.recomendaciones:get_product_wizard_recommendations:156 - Fetching product for wizard recommendations...
2025-02-25 10:04:32.678 | ERROR    | api.routes.recomendaciones:get_product_wizard_recommendations:183 - Error fetching recommendations: 'category_list'
2025-02-25 10:04:39.484 | DEBUG    | api.routes.recomendaciones:get_product_wizard_recommendations:140 - Request parameters: {'idcustomer': '31', 'start_date': '2025-03-01', 'end_date': '2025-03-31', 'product_param': '052'}
2025-02-25 10:04:39.485 | INFO     | api.routes.recomendaciones:get_product_wizard_recommendations:143 - Request to get product for wizard recommendations. Validating params...
2025-02-25 10:04:39.485 | INFO     | api.routes.recomendaciones:get_product_wizard_recommendations:154 - Params validated successfully.
2025-02-25 10:04:39.485 | INFO     | api.routes.recomendaciones:get_product_wizard_recommendations:156 - Fetching product for wizard recommendations...
2025-02-25 10:04:39.486 | ERROR    | api.routes.recomendaciones:get_product_wizard_recommendations:183 - Error fetching recommendations: 'product_name_param'
2025-02-25 10:04:50.249 | DEBUG    | api.routes.recomendaciones:get_product_wizard_recommendations:140 - Request parameters: {'idcustomer': '31', 'start_date': '2025-03-01', 'end_date': '2025-03-31'}
2025-02-25 10:04:50.250 | INFO     | api.routes.recomendaciones:get_product_wizard_recommendations:143 - Request to get product for wizard recommendations. Validating params...
2025-02-25 10:04:50.251 | INFO     | api.routes.recomendaciones:get_product_wizard_recommendations:154 - Params validated successfully.
2025-02-25 10:04:50.251 | INFO     | api.routes.recomendaciones:get_product_wizard_recommendations:156 - Fetching product for wizard recommendations...
2025-02-25 10:04:50.251 | ERROR    | api.routes.recomendaciones:get_product_wizard_recommendations:183 - Error fetching recommendations: 'category_list'
2025-02-25 10:06:09.883 | DEBUG    | api.routes.recomendaciones:get_product_wizard_recommendations:140 - Request parameters: {'idcustomer': '31', 'start_date': '2025-03-01', 'end_date': '2025-03-31'}
2025-02-25 10:06:09.884 | INFO     | api.routes.recomendaciones:get_product_wizard_recommendations:143 - Request to get product for wizard recommendations. Validating params...
2025-02-25 10:06:09.885 | INFO     | api.routes.recomendaciones:get_product_wizard_recommendations:154 - Params validated successfully.
2025-02-25 10:06:09.885 | INFO     | api.routes.recomendaciones:get_product_wizard_recommendations:156 - Fetching product for wizard recommendations...
2025-02-25 10:06:09.886 | ERROR    | api.routes.recomendaciones:get_product_wizard_recommendations:183 - Error fetching recommendations: 'category_list'
2025-02-25 10:11:13.619 | DEBUG    | api.routes.recomendaciones:get_product_wizard_recommendations:140 - Request parameters: {'idcustomer': '31', 'start_date': '2025-03-01', 'end_date': '2025-03-31', 'product_param': '052'}
2025-02-25 10:11:13.620 | INFO     | api.routes.recomendaciones:get_product_wizard_recommendations:143 - Request to get product for wizard recommendations. Validating params...
2025-02-25 10:11:13.621 | INFO     | api.routes.recomendaciones:get_product_wizard_recommendations:154 - Params validated successfully.
2025-02-25 10:11:13.621 | INFO     | api.routes.recomendaciones:get_product_wizard_recommendations:156 - Fetching product for wizard recommendations...
2025-02-25 10:11:13.621 | ERROR    | api.routes.recomendaciones:get_product_wizard_recommendations:183 - Error fetching recommendations: 'product_name_param'
2025-02-25 10:30:09.479 | DEBUG    | api.routes.recomendaciones:get_product_wizard_recommendations:140 - Request parameters: {'idcustomer': '31', 'start_date': '2025-03-01', 'end_date': '2025-03-31'}
2025-02-25 10:30:09.481 | INFO     | api.routes.recomendaciones:get_product_wizard_recommendations:143 - Request to get product for wizard recommendations. Validating params...
2025-02-25 10:30:09.482 | INFO     | api.routes.recomendaciones:get_product_wizard_recommendations:154 - Params validated successfully.
2025-02-25 10:30:09.482 | INFO     | api.routes.recomendaciones:get_product_wizard_recommendations:156 - Fetching product for wizard recommendations...
2025-02-25 10:30:09.483 | ERROR    | api.routes.recomendaciones:get_product_wizard_recommendations:183 - Error fetching recommendations: 'category_list'
2025-02-25 10:34:20.170 | INFO     | config.logger:configure_logging:47 - Logger configurado correctamente
2025-02-25 10:34:20.630 | INFO     | __main__:setup_db:22 - Inicializando base de datos...
2025-02-25 10:34:20.631 | INFO     | services.starrocks:execute_query:27 - Executing query: SHOW DATABASES LIKE 'recomendaciones_db'...
2025-02-25 10:34:20.647 | INFO     | services.starrocks:execute_query:49 - Database connection established successfully.
2025-02-25 10:34:20.656 | INFO     | services.starrocks:execute_query:67 - Query executed successfully, 1 rows fetched.
2025-02-25 10:34:20.657 | INFO     | __main__:setup_db:26 - Base de datos ya existe
2025-02-25 10:34:20.657 | INFO     | services.starrocks:execute_query:27 - Executing query: SHOW TABLES LIKE 'predictions_products'...
2025-02-25 10:34:20.662 | INFO     | services.starrocks:execute_query:49 - Database connection established successfully.
2025-02-25 10:34:20.668 | INFO     | services.starrocks:execute_query:67 - Query executed successfully, 1 rows fetched.
2025-02-25 10:34:20.670 | INFO     | __main__:load_all_tables:74 - Tabla predictions_products ya existe
2025-02-25 10:34:20.670 | INFO     | services.starrocks:execute_query:27 - Executing query: SHOW TABLES LIKE 'predictions_categories'...
2025-02-25 10:34:20.676 | INFO     | services.starrocks:execute_query:49 - Database connection established successfully.
2025-02-25 10:34:20.678 | INFO     | services.starrocks:execute_query:67 - Query executed successfully, 1 rows fetched.
2025-02-25 10:34:20.678 | INFO     | __main__:load_all_tables:74 - Tabla predictions_categories ya existe
2025-02-25 10:34:20.679 | INFO     | services.starrocks:execute_query:27 - Executing query: SHOW TABLES LIKE 'predictions_associations'...
2025-02-25 10:34:20.683 | INFO     | services.starrocks:execute_query:49 - Database connection established successfully.
2025-02-25 10:34:20.685 | INFO     | services.starrocks:execute_query:67 - Query executed successfully, 1 rows fetched.
2025-02-25 10:34:20.686 | INFO     | __main__:load_all_tables:74 - Tabla predictions_associations ya existe
2025-02-25 10:34:20.687 | INFO     | services.starrocks:execute_query:27 - Executing query: SHOW TABLES LIKE 'products_categories'...
2025-02-25 10:34:20.691 | INFO     | services.starrocks:execute_query:49 - Database connection established successfully.
2025-02-25 10:34:20.693 | INFO     | services.starrocks:execute_query:67 - Query executed successfully, 1 rows fetched.
2025-02-25 10:34:20.694 | INFO     | __main__:load_all_tables:74 - Tabla products_categories ya existe
2025-02-25 10:34:20.695 | INFO     | __main__:setup_db:43 - Base de datos inicializada correctamente
2025-02-25 10:34:22.167 | INFO     | config.logger:configure_logging:47 - Logger configurado correctamente
2025-02-25 10:34:22.199 | INFO     | api.run:<module>:16 - ################ API Iniciada ################
2025-02-25 10:34:49.745 | DEBUG    | api.routes.recomendaciones:get_product_wizard_recommendations:140 - Request parameters: {'idcustomer': '31', 'start_date': '2025-03-01', 'end_date': '2025-03-31'}
2025-02-25 10:34:49.745 | INFO     | api.routes.recomendaciones:get_product_wizard_recommendations:143 - Request to get product for wizard recommendations. Validating params...
2025-02-25 10:34:49.750 | INFO     | api.routes.recomendaciones:get_product_wizard_recommendations:154 - Params validated successfully.
2025-02-25 10:34:49.751 | INFO     | api.routes.recomendaciones:get_product_wizard_recommendations:156 - Fetching product for wizard recommendations...
2025-02-25 10:34:49.751 | ERROR    | api.routes.recomendaciones:get_product_wizard_recommendations:183 - Error fetching recommendations: 'category_list'
2025-02-25 10:34:54.492 | DEBUG    | api.routes.recomendaciones:get_product_wizard_recommendations:140 - Request parameters: {'idcustomer': '31', 'start_date': '2025-03-01', 'end_date': '2025-03-31', 'product_param': '052'}
2025-02-25 10:34:54.493 | INFO     | api.routes.recomendaciones:get_product_wizard_recommendations:143 - Request to get product for wizard recommendations. Validating params...
2025-02-25 10:34:54.494 | INFO     | api.routes.recomendaciones:get_product_wizard_recommendations:154 - Params validated successfully.
2025-02-25 10:34:54.494 | INFO     | api.routes.recomendaciones:get_product_wizard_recommendations:156 - Fetching product for wizard recommendations...
2025-02-25 10:34:54.495 | INFO     | queries.query_loader:query_starrocks:33 - Ejecutando query recomendaciones_productos_filtro_nombre...
2025-02-25 10:34:54.495 | INFO     | services.starrocks:execute_query:27 - Executing query: -- Fijar los parámetros de cliente, y rango de fechas a recomendar
SET @date_start = '2025-03-01';
S...
2025-02-25 10:34:54.500 | INFO     | services.starrocks:execute_query:49 - Database connection established successfully.
2025-02-25 10:34:55.153 | INFO     | services.starrocks:execute_query:67 - Query executed successfully, 2396 rows fetched.
2025-02-25 10:34:55.153 | INFO     | api.routes.recomendaciones:get_product_wizard_recommendations:180 - Product recommendations for wizard fetched successfully.
2025-02-25 10:58:12.031 | DEBUG    | api.routes.recomendaciones:get_product_wizard_recommendations:140 - Request parameters: {'idcustomer': '31', 'start_date': '2025-03-01', 'end_date': '2025-03-31', 'product_param': '052'}
2025-02-25 10:58:12.033 | INFO     | api.routes.recomendaciones:get_product_wizard_recommendations:143 - Request to get product for wizard recommendations. Validating params...
2025-02-25 10:58:12.033 | INFO     | api.routes.recomendaciones:get_product_wizard_recommendations:154 - Params validated successfully.
2025-02-25 10:58:12.034 | INFO     | api.routes.recomendaciones:get_product_wizard_recommendations:156 - Fetching product for wizard recommendations...
2025-02-25 10:58:12.034 | INFO     | queries.query_loader:query_starrocks:33 - Ejecutando query recomendaciones_productos_filtro_nombre...
2025-02-25 10:58:12.035 | INFO     | services.starrocks:execute_query:27 - Executing query: -- Fijar los parámetros de cliente, y rango de fechas a recomendar
SET @date_start = '2025-03-01';
S...
2025-02-25 10:58:12.042 | INFO     | services.starrocks:execute_query:49 - Database connection established successfully.
2025-02-25 10:58:12.230 | INFO     | services.starrocks:execute_query:67 - Query executed successfully, 2396 rows fetched.
2025-02-25 10:58:12.230 | INFO     | api.routes.recomendaciones:get_product_wizard_recommendations:180 - Product recommendations for wizard fetched successfully.
2025-02-25 11:34:58.613 | INFO     | config.logger:configure_logging:47 - Logger configurado correctamente
2025-02-25 11:34:59.214 | INFO     | __main__:setup_db:22 - Inicializando base de datos...
2025-02-25 11:34:59.214 | INFO     | services.starrocks:execute_query:27 - Executing query: SHOW DATABASES LIKE 'recomendaciones_db'...
2025-02-25 11:34:59.223 | INFO     | services.starrocks:execute_query:49 - Database connection established successfully.
2025-02-25 11:34:59.230 | INFO     | services.starrocks:execute_query:67 - Query executed successfully, 1 rows fetched.
2025-02-25 11:34:59.231 | INFO     | __main__:setup_db:26 - Base de datos ya existe
2025-02-25 11:34:59.232 | INFO     | services.starrocks:execute_query:27 - Executing query: SHOW TABLES LIKE 'predictions_products'...
2025-02-25 11:34:59.236 | INFO     | services.starrocks:execute_query:49 - Database connection established successfully.
2025-02-25 11:34:59.239 | INFO     | services.starrocks:execute_query:67 - Query executed successfully, 1 rows fetched.
2025-02-25 11:34:59.240 | INFO     | __main__:load_all_tables:74 - Tabla predictions_products ya existe
2025-02-25 11:34:59.241 | INFO     | services.starrocks:execute_query:27 - Executing query: SHOW TABLES LIKE 'predictions_categories'...
2025-02-25 11:34:59.244 | INFO     | services.starrocks:execute_query:49 - Database connection established successfully.
2025-02-25 11:34:59.246 | INFO     | services.starrocks:execute_query:67 - Query executed successfully, 1 rows fetched.
2025-02-25 11:34:59.247 | INFO     | __main__:load_all_tables:74 - Tabla predictions_categories ya existe
2025-02-25 11:34:59.247 | INFO     | services.starrocks:execute_query:27 - Executing query: SHOW TABLES LIKE 'predictions_associations'...
2025-02-25 11:34:59.250 | INFO     | services.starrocks:execute_query:49 - Database connection established successfully.
2025-02-25 11:34:59.251 | INFO     | services.starrocks:execute_query:67 - Query executed successfully, 1 rows fetched.
2025-02-25 11:34:59.252 | INFO     | __main__:load_all_tables:74 - Tabla predictions_associations ya existe
2025-02-25 11:34:59.252 | INFO     | services.starrocks:execute_query:27 - Executing query: SHOW TABLES LIKE 'products_categories'...
2025-02-25 11:34:59.255 | INFO     | services.starrocks:execute_query:49 - Database connection established successfully.
2025-02-25 11:34:59.257 | INFO     | services.starrocks:execute_query:67 - Query executed successfully, 1 rows fetched.
2025-02-25 11:34:59.257 | INFO     | __main__:load_all_tables:74 - Tabla products_categories ya existe
2025-02-25 11:34:59.257 | INFO     | __main__:setup_db:43 - Base de datos inicializada correctamente
2025-02-25 11:35:00.391 | INFO     | config.logger:configure_logging:47 - Logger configurado correctamente
2025-02-25 11:35:00.417 | INFO     | api.run:<module>:16 - ################ API Iniciada ################
2025-02-25 11:35:03.245 | DEBUG    | api.routes.recomendaciones:get_product_wizard_recommendations:140 - Request parameters: {'idcustomer': '31', 'start_date': '2025-03-01', 'end_date': '2025-03-31', 'product_param': '052'}
2025-02-25 11:35:03.245 | INFO     | api.routes.recomendaciones:get_product_wizard_recommendations:143 - Request to get product for wizard recommendations. Validating params...
2025-02-25 11:35:03.253 | INFO     | api.routes.recomendaciones:get_product_wizard_recommendations:154 - Params validated successfully.
2025-02-25 11:35:03.254 | INFO     | api.routes.recomendaciones:get_product_wizard_recommendations:156 - Fetching product for wizard recommendations...
2025-02-25 11:35:03.255 | INFO     | queries.query_loader:query_starrocks:33 - Ejecutando query recomendaciones_productos_filtro_nombre...
2025-02-25 11:35:03.255 | INFO     | services.starrocks:execute_query:27 - Executing query: -- Fijar los parámetros de cliente, y rango de fechas a recomendar
SET @date_start = '2025-03-01';
S...
2025-02-25 11:35:03.259 | INFO     | services.starrocks:execute_query:49 - Database connection established successfully.
2025-02-25 11:35:04.423 | INFO     | services.starrocks:execute_query:67 - Query executed successfully, 2396 rows fetched.
2025-02-25 11:35:04.423 | INFO     | api.routes.recomendaciones:get_product_wizard_recommendations:180 - Product recommendations for wizard fetched successfully.
2025-02-25 11:35:10.173 | DEBUG    | api.routes.recomendaciones:get_product_wizard_recommendations:140 - Request parameters: {'idcustomer': '31', 'start_date': '2025-03-01', 'end_date': '2025-03-31', 'product_param': 'caf'}
2025-02-25 11:35:10.173 | INFO     | api.routes.recomendaciones:get_product_wizard_recommendations:143 - Request to get product for wizard recommendations. Validating params...
2025-02-25 11:35:10.174 | INFO     | api.routes.recomendaciones:get_product_wizard_recommendations:154 - Params validated successfully.
2025-02-25 11:35:10.174 | INFO     | api.routes.recomendaciones:get_product_wizard_recommendations:156 - Fetching product for wizard recommendations...
2025-02-25 11:35:10.175 | INFO     | queries.query_loader:query_starrocks:33 - Ejecutando query recomendaciones_productos_filtro_nombre...
2025-02-25 11:35:10.176 | INFO     | services.starrocks:execute_query:27 - Executing query: -- Fijar los parámetros de cliente, y rango de fechas a recomendar
SET @date_start = '2025-03-01';
S...
2025-02-25 11:35:10.180 | INFO     | services.starrocks:execute_query:49 - Database connection established successfully.
2025-02-25 11:35:10.373 | INFO     | services.starrocks:execute_query:67 - Query executed successfully, 161 rows fetched.
2025-02-25 11:35:10.374 | INFO     | api.routes.recomendaciones:get_product_wizard_recommendations:180 - Product recommendations for wizard fetched successfully.
2025-02-25 11:35:40.349 | DEBUG    | api.routes.recomendaciones:get_product_wizard_recommendations:140 - Request parameters: {'idcustomer': '31', 'start_date': '2025-03-01', 'end_date': '2025-03-31', 'product_param': '021'}
2025-02-25 11:35:40.350 | INFO     | api.routes.recomendaciones:get_product_wizard_recommendations:143 - Request to get product for wizard recommendations. Validating params...
2025-02-25 11:35:40.350 | INFO     | api.routes.recomendaciones:get_product_wizard_recommendations:154 - Params validated successfully.
2025-02-25 11:35:40.351 | INFO     | api.routes.recomendaciones:get_product_wizard_recommendations:156 - Fetching product for wizard recommendations...
2025-02-25 11:35:40.351 | INFO     | queries.query_loader:query_starrocks:33 - Ejecutando query recomendaciones_productos_filtro_nombre...
2025-02-25 11:35:40.352 | INFO     | services.starrocks:execute_query:27 - Executing query: -- Fijar los parámetros de cliente, y rango de fechas a recomendar
SET @date_start = '2025-03-01';
S...
2025-02-25 11:35:40.355 | INFO     | services.starrocks:execute_query:49 - Database connection established successfully.
2025-02-25 11:35:40.516 | INFO     | services.starrocks:execute_query:67 - Query executed successfully, 878 rows fetched.
2025-02-25 11:35:40.517 | INFO     | api.routes.recomendaciones:get_product_wizard_recommendations:180 - Product recommendations for wizard fetched successfully.
2025-02-25 12:58:18.692 | INFO     | config.logger:configure_logging:47 - Logger configurado correctamente
2025-02-25 12:58:19.322 | INFO     | __main__:setup_db:22 - Inicializando base de datos...
2025-02-25 12:58:19.323 | INFO     | services.starrocks:execute_query:27 - Executing query: SHOW DATABASES LIKE 'recomendaciones_db'...
2025-02-25 12:58:19.332 | INFO     | services.starrocks:execute_query:49 - Database connection established successfully.
2025-02-25 12:58:19.338 | INFO     | services.starrocks:execute_query:67 - Query executed successfully, 1 rows fetched.
2025-02-25 12:58:19.339 | INFO     | __main__:setup_db:26 - Base de datos ya existe
2025-02-25 12:58:19.339 | INFO     | services.starrocks:execute_query:27 - Executing query: SHOW TABLES LIKE 'predictions_products'...
2025-02-25 12:58:19.343 | INFO     | services.starrocks:execute_query:49 - Database connection established successfully.
2025-02-25 12:58:19.347 | INFO     | services.starrocks:execute_query:67 - Query executed successfully, 1 rows fetched.
2025-02-25 12:58:19.347 | INFO     | __main__:load_all_tables:74 - Tabla predictions_products ya existe
2025-02-25 12:58:19.347 | INFO     | services.starrocks:execute_query:27 - Executing query: SHOW TABLES LIKE 'predictions_categories'...
2025-02-25 12:58:19.350 | INFO     | services.starrocks:execute_query:49 - Database connection established successfully.
2025-02-25 12:58:19.352 | INFO     | services.starrocks:execute_query:67 - Query executed successfully, 1 rows fetched.
2025-02-25 12:58:19.352 | INFO     | __main__:load_all_tables:74 - Tabla predictions_categories ya existe
2025-02-25 12:58:19.353 | INFO     | services.starrocks:execute_query:27 - Executing query: SHOW TABLES LIKE 'predictions_associations'...
2025-02-25 12:58:19.356 | INFO     | services.starrocks:execute_query:49 - Database connection established successfully.
2025-02-25 12:58:19.357 | INFO     | services.starrocks:execute_query:67 - Query executed successfully, 1 rows fetched.
2025-02-25 12:58:19.357 | INFO     | __main__:load_all_tables:74 - Tabla predictions_associations ya existe
2025-02-25 12:58:19.357 | INFO     | services.starrocks:execute_query:27 - Executing query: SHOW TABLES LIKE 'products_categories'...
2025-02-25 12:58:19.360 | INFO     | services.starrocks:execute_query:49 - Database connection established successfully.
2025-02-25 12:58:19.361 | INFO     | services.starrocks:execute_query:67 - Query executed successfully, 1 rows fetched.
2025-02-25 12:58:19.361 | INFO     | __main__:load_all_tables:74 - Tabla products_categories ya existe
2025-02-25 12:58:19.362 | INFO     | __main__:setup_db:43 - Base de datos inicializada correctamente
2025-02-25 12:58:20.498 | INFO     | config.logger:configure_logging:47 - Logger configurado correctamente
2025-02-25 12:58:20.531 | INFO     | api.run:<module>:16 - ################ API Iniciada ################
2025-02-25 12:59:39.300 | DEBUG    | api.routes.recomendaciones:get_product_recommendations:25 - Request parameters: {'idcustomer': '315', 'start_date': '2025-03-01', 'end_date': '2025-03-31', 'max_mape': '30', 'number_of_recommendations': '200'}
2025-02-25 12:59:39.300 | INFO     | api.routes.recomendaciones:get_product_recommendations:28 - Request to get product recommendations. Validating params...
2025-02-25 12:59:39.308 | INFO     | api.routes.recomendaciones:get_product_recommendations:39 - Params validated successfully.
2025-02-25 12:59:39.309 | INFO     | api.routes.recomendaciones:get_product_recommendations:41 - Fetching product recommendations...
2025-02-25 12:59:39.310 | INFO     | queries.query_loader:query_starrocks:33 - Ejecutando query recomendaciones_productos_combos...
2025-02-25 12:59:39.310 | INFO     | services.starrocks:execute_query:27 - Executing query: SET @date_start = '2025-03-01';
SET @date_end = '2025-03-31';
SET @client_id = 315;
SET @max_mape = ...
2025-02-25 12:59:39.316 | INFO     | services.starrocks:execute_query:49 - Database connection established successfully.
2025-02-25 12:59:39.349 | ERROR    | services.starrocks:execute_query:70 - Error al ejecutar la query: (1064, "Getting syntax error at line 5, column 0. Detail message: Unexpected input 'SET', the most similar input is {<EOF>, ';'}.")
2025-02-25 12:59:39.350 | ERROR    | queries.query_loader:query_starrocks:37 - Error ejecutando la query recomendaciones_productos_combos: (1064, "Getting syntax error at line 5, column 0. Detail message: Unexpected input 'SET', the most similar input is {<EOF>, ';'}.")
2025-02-25 12:59:39.350 | ERROR    | api.routes.recomendaciones:get_product_recommendations:51 - Error fetching recommendations: (1064, "Getting syntax error at line 5, column 0. Detail message: Unexpected input 'SET', the most similar input is {<EOF>, ';'}.")
2025-02-25 12:59:46.234 | DEBUG    | api.routes.recomendaciones:get_product_recommendations:25 - Request parameters: {'idcustomer': '315', 'start_date': '2025-03-01', 'end_date': '2025-03-31', 'max_mape': '30', 'number_of_recommendations': '200'}
2025-02-25 12:59:46.234 | INFO     | api.routes.recomendaciones:get_product_recommendations:28 - Request to get product recommendations. Validating params...
2025-02-25 12:59:46.235 | INFO     | api.routes.recomendaciones:get_product_recommendations:39 - Params validated successfully.
2025-02-25 12:59:46.235 | INFO     | api.routes.recomendaciones:get_product_recommendations:41 - Fetching product recommendations...
2025-02-25 12:59:46.236 | INFO     | queries.query_loader:query_starrocks:33 - Ejecutando query recomendaciones_productos_combos...
2025-02-25 12:59:46.237 | INFO     | services.starrocks:execute_query:27 - Executing query: SET @date_start = '2025-03-01';
SET @date_end = '2025-03-31';
SET @client_id = 315;
SET @max_mape = ...
2025-02-25 12:59:46.240 | INFO     | services.starrocks:execute_query:49 - Database connection established successfully.
2025-02-25 12:59:46.244 | ERROR    | services.starrocks:execute_query:70 - Error al ejecutar la query: (1064, "Getting syntax error at line 5, column 0. Detail message: Unexpected input 'SET', the most similar input is {<EOF>, ';'}.")
2025-02-25 12:59:46.245 | ERROR    | queries.query_loader:query_starrocks:37 - Error ejecutando la query recomendaciones_productos_combos: (1064, "Getting syntax error at line 5, column 0. Detail message: Unexpected input 'SET', the most similar input is {<EOF>, ';'}.")
2025-02-25 12:59:46.246 | ERROR    | api.routes.recomendaciones:get_product_recommendations:51 - Error fetching recommendations: (1064, "Getting syntax error at line 5, column 0. Detail message: Unexpected input 'SET', the most similar input is {<EOF>, ';'}.")
2025-02-25 12:59:51.653 | DEBUG    | api.routes.recomendaciones:get_product_recommendations:25 - Request parameters: {'idcustomer': '315', 'start_date': '2025-03-01', 'end_date': '2025-03-31'}
2025-02-25 12:59:51.654 | INFO     | api.routes.recomendaciones:get_product_recommendations:28 - Request to get product recommendations. Validating params...
2025-02-25 12:59:51.654 | INFO     | api.routes.recomendaciones:get_product_recommendations:39 - Params validated successfully.
2025-02-25 12:59:51.654 | INFO     | api.routes.recomendaciones:get_product_recommendations:41 - Fetching product recommendations...
2025-02-25 12:59:51.655 | ERROR    | api.routes.recomendaciones:get_product_recommendations:51 - Error fetching recommendations: 'max_mape'
2025-02-25 13:01:39.611 | DEBUG    | api.routes.recomendaciones:get_product_recommendations:25 - Request parameters: {'idcustomer': '315', 'start_date': '2025-03-01', 'end_date': '2025-03-31', 'max_mape': '30', 'number_of_recommendations': '200'}
2025-02-25 13:01:39.611 | INFO     | api.routes.recomendaciones:get_product_recommendations:28 - Request to get product recommendations. Validating params...
2025-02-25 13:01:39.612 | INFO     | api.routes.recomendaciones:get_product_recommendations:39 - Params validated successfully.
2025-02-25 13:01:39.612 | INFO     | api.routes.recomendaciones:get_product_recommendations:41 - Fetching product recommendations...
2025-02-25 13:01:39.613 | INFO     | queries.query_loader:query_starrocks:33 - Ejecutando query recomendaciones_productos_combos...
2025-02-25 13:01:39.613 | INFO     | services.starrocks:execute_query:27 - Executing query: SET @date_start = '2025-03-01';
SET @date_end = '2025-03-31';
SET @client_id = 315;
SET @max_mape = ...
2025-02-25 13:01:39.620 | INFO     | services.starrocks:execute_query:49 - Database connection established successfully.
2025-02-25 13:01:39.624 | ERROR    | services.starrocks:execute_query:70 - Error al ejecutar la query: (1064, "Getting syntax error at line 5, column 0. Detail message: Unexpected input 'SET', the most similar input is {<EOF>, ';'}.")
2025-02-25 13:01:39.624 | ERROR    | queries.query_loader:query_starrocks:37 - Error ejecutando la query recomendaciones_productos_combos: (1064, "Getting syntax error at line 5, column 0. Detail message: Unexpected input 'SET', the most similar input is {<EOF>, ';'}.")
2025-02-25 13:01:39.625 | ERROR    | api.routes.recomendaciones:get_product_recommendations:51 - Error fetching recommendations: (1064, "Getting syntax error at line 5, column 0. Detail message: Unexpected input 'SET', the most similar input is {<EOF>, ';'}.")
2025-02-25 13:05:43.412 | INFO     | config.logger:configure_logging:47 - Logger configurado correctamente
2025-02-25 13:05:43.713 | INFO     | __main__:setup_db:22 - Inicializando base de datos...
2025-02-25 13:05:43.714 | INFO     | services.starrocks:execute_query:27 - Executing query: SHOW DATABASES LIKE 'recomendaciones_db'...
2025-02-25 13:05:43.724 | INFO     | services.starrocks:execute_query:49 - Database connection established successfully.
2025-02-25 13:05:43.730 | INFO     | services.starrocks:execute_query:67 - Query executed successfully, 1 rows fetched.
2025-02-25 13:05:43.731 | INFO     | __main__:setup_db:26 - Base de datos ya existe
2025-02-25 13:05:43.732 | INFO     | services.starrocks:execute_query:27 - Executing query: SHOW TABLES LIKE 'predictions_products'...
2025-02-25 13:05:43.736 | INFO     | services.starrocks:execute_query:49 - Database connection established successfully.
2025-02-25 13:05:43.740 | INFO     | services.starrocks:execute_query:67 - Query executed successfully, 1 rows fetched.
2025-02-25 13:05:43.740 | INFO     | __main__:load_all_tables:74 - Tabla predictions_products ya existe
2025-02-25 13:05:43.741 | INFO     | services.starrocks:execute_query:27 - Executing query: SHOW TABLES LIKE 'predictions_categories'...
2025-02-25 13:05:43.745 | INFO     | services.starrocks:execute_query:49 - Database connection established successfully.
2025-02-25 13:05:43.747 | INFO     | services.starrocks:execute_query:67 - Query executed successfully, 1 rows fetched.
2025-02-25 13:05:43.747 | INFO     | __main__:load_all_tables:74 - Tabla predictions_categories ya existe
2025-02-25 13:05:43.748 | INFO     | services.starrocks:execute_query:27 - Executing query: SHOW TABLES LIKE 'predictions_associations'...
2025-02-25 13:05:43.751 | INFO     | services.starrocks:execute_query:49 - Database connection established successfully.
2025-02-25 13:05:43.753 | INFO     | services.starrocks:execute_query:67 - Query executed successfully, 1 rows fetched.
2025-02-25 13:05:43.754 | INFO     | __main__:load_all_tables:74 - Tabla predictions_associations ya existe
2025-02-25 13:05:43.754 | INFO     | services.starrocks:execute_query:27 - Executing query: SHOW TABLES LIKE 'products_categories'...
2025-02-25 13:05:43.757 | INFO     | services.starrocks:execute_query:49 - Database connection established successfully.
2025-02-25 13:05:43.758 | INFO     | services.starrocks:execute_query:67 - Query executed successfully, 1 rows fetched.
2025-02-25 13:05:43.759 | INFO     | __main__:load_all_tables:74 - Tabla products_categories ya existe
2025-02-25 13:05:43.759 | INFO     | __main__:setup_db:43 - Base de datos inicializada correctamente
2025-02-25 13:05:44.803 | INFO     | config.logger:configure_logging:47 - Logger configurado correctamente
2025-02-25 13:05:44.828 | INFO     | api.run:<module>:16 - ################ API Iniciada ################
2025-02-25 13:05:50.128 | DEBUG    | api.routes.recomendaciones:get_product_recommendations:25 - Request parameters: {'idcustomer': '315', 'start_date': '2025-03-01', 'end_date': '2025-03-31'}
2025-02-25 13:05:50.128 | INFO     | api.routes.recomendaciones:get_product_recommendations:28 - Request to get product recommendations. Validating params...
2025-02-25 13:05:50.133 | INFO     | api.routes.recomendaciones:get_product_recommendations:39 - Params validated successfully.
2025-02-25 13:05:50.133 | INFO     | api.routes.recomendaciones:get_product_recommendations:41 - Fetching product recommendations...
2025-02-25 13:05:50.134 | ERROR    | api.routes.recomendaciones:get_product_recommendations:51 - Error fetching recommendations: 'max_mape'
2025-02-25 13:05:53.293 | DEBUG    | api.routes.recomendaciones:get_product_recommendations:25 - Request parameters: {'idcustomer': '315', 'start_date': '2025-03-01', 'end_date': '2025-03-31', 'max_mape': '30', 'number_of_recommendations': '200'}
2025-02-25 13:05:53.294 | INFO     | api.routes.recomendaciones:get_product_recommendations:28 - Request to get product recommendations. Validating params...
2025-02-25 13:05:53.295 | INFO     | api.routes.recomendaciones:get_product_recommendations:39 - Params validated successfully.
2025-02-25 13:05:53.295 | INFO     | api.routes.recomendaciones:get_product_recommendations:41 - Fetching product recommendations...
2025-02-25 13:05:53.296 | INFO     | queries.query_loader:query_starrocks:33 - Ejecutando query recomendaciones_productos_combos...
2025-02-25 13:05:53.296 | INFO     | services.starrocks:execute_query:27 - Executing query: SET @date_start = '2025-03-01';
SET @date_end = '2025-03-31';
SET @client_id = 315;
SET @max_mape = ...
2025-02-25 13:05:53.301 | INFO     | services.starrocks:execute_query:49 - Database connection established successfully.
2025-02-25 13:05:54.569 | INFO     | services.starrocks:execute_query:67 - Query executed successfully, 200 rows fetched.
2025-02-25 13:05:54.570 | INFO     | api.routes.recomendaciones:get_product_recommendations:48 - Product recommendations fetched successfully.
2025-02-25 13:06:06.752 | DEBUG    | api.routes.recomendaciones:get_product_recommendations:25 - Request parameters: {'idcustomer': '315', 'start_date': '2025-03-01', 'end_date': '2025-03-31', 'max_mape': '30', 'number_of_recommendations': '1000'}
2025-02-25 13:06:06.752 | INFO     | api.routes.recomendaciones:get_product_recommendations:28 - Request to get product recommendations. Validating params...
2025-02-25 13:06:06.753 | INFO     | api.routes.recomendaciones:get_product_recommendations:39 - Params validated successfully.
2025-02-25 13:06:06.753 | INFO     | api.routes.recomendaciones:get_product_recommendations:41 - Fetching product recommendations...
2025-02-25 13:06:06.753 | INFO     | queries.query_loader:query_starrocks:33 - Ejecutando query recomendaciones_productos_combos...
2025-02-25 13:06:06.753 | INFO     | services.starrocks:execute_query:27 - Executing query: SET @date_start = '2025-03-01';
SET @date_end = '2025-03-31';
SET @client_id = 315;
SET @max_mape = ...
2025-02-25 13:06:06.758 | INFO     | services.starrocks:execute_query:49 - Database connection established successfully.
2025-02-25 13:06:07.175 | INFO     | services.starrocks:execute_query:67 - Query executed successfully, 1000 rows fetched.
2025-02-25 13:06:07.176 | INFO     | api.routes.recomendaciones:get_product_recommendations:48 - Product recommendations fetched successfully.
2025-02-25 13:06:14.934 | DEBUG    | api.routes.recomendaciones:get_product_recommendations:25 - Request parameters: {'idcustomer': '315', 'start_date': '2025-03-01', 'end_date': '2025-03-31', 'max_mape': '30', 'number_of_recommendations': '10000'}
2025-02-25 13:06:14.934 | INFO     | api.routes.recomendaciones:get_product_recommendations:28 - Request to get product recommendations. Validating params...
2025-02-25 13:06:14.935 | INFO     | api.routes.recomendaciones:get_product_recommendations:39 - Params validated successfully.
2025-02-25 13:06:14.935 | INFO     | api.routes.recomendaciones:get_product_recommendations:41 - Fetching product recommendations...
2025-02-25 13:06:14.936 | INFO     | queries.query_loader:query_starrocks:33 - Ejecutando query recomendaciones_productos_combos...
2025-02-25 13:06:14.936 | INFO     | services.starrocks:execute_query:27 - Executing query: SET @date_start = '2025-03-01';
SET @date_end = '2025-03-31';
SET @client_id = 315;
SET @max_mape = ...
2025-02-25 13:06:14.940 | INFO     | services.starrocks:execute_query:49 - Database connection established successfully.
2025-02-25 13:06:15.316 | INFO     | services.starrocks:execute_query:67 - Query executed successfully, 2678 rows fetched.
2025-02-25 13:06:15.318 | INFO     | api.routes.recomendaciones:get_product_recommendations:48 - Product recommendations fetched successfully.
2025-02-25 13:06:24.384 | DEBUG    | api.routes.recomendaciones:get_product_recommendations:25 - Request parameters: {'idcustomer': '315', 'start_date': '2025-03-01', 'end_date': '2025-03-31', 'max_mape': '10', 'number_of_recommendations': '10000'}
2025-02-25 13:06:24.385 | INFO     | api.routes.recomendaciones:get_product_recommendations:28 - Request to get product recommendations. Validating params...
2025-02-25 13:06:24.385 | INFO     | api.routes.recomendaciones:get_product_recommendations:39 - Params validated successfully.
2025-02-25 13:06:24.386 | INFO     | api.routes.recomendaciones:get_product_recommendations:41 - Fetching product recommendations...
2025-02-25 13:06:24.387 | INFO     | queries.query_loader:query_starrocks:33 - Ejecutando query recomendaciones_productos_combos...
2025-02-25 13:06:24.387 | INFO     | services.starrocks:execute_query:27 - Executing query: SET @date_start = '2025-03-01';
SET @date_end = '2025-03-31';
SET @client_id = 315;
SET @max_mape = ...
2025-02-25 13:06:24.392 | INFO     | services.starrocks:execute_query:49 - Database connection established successfully.
2025-02-25 13:06:24.734 | INFO     | services.starrocks:execute_query:67 - Query executed successfully, 2283 rows fetched.
2025-02-25 13:06:24.734 | INFO     | api.routes.recomendaciones:get_product_recommendations:48 - Product recommendations fetched successfully.
